<?xml version="1.0" encoding="UTF-8"?>
<testsuite xmlns:xsi="http://www.w3.org/2001/XMLSchema-instance" xsi:noNamespaceSchemaLocation="https://maven.apache.org/surefire/maven-surefire-plugin/xsd/surefire-test-report-3.0.xsd" version="3.0" name="org.example.testRunner.runners" time="212.855" tests="19" errors="0" skipped="0" failures="3">
  <properties>
[...]
</properties>
  <testcase name="runScenario" classname="org.example.testRunner.runners" time="11.943"/>
  <testcase name="runScenario" classname="org.example.testRunner.runners" time="9.193"/>
  <testcase name="runScenario" classname="org.example.testRunner.runners" time="8.827"/>
  <testcase name="runScenario" classname="org.example.testRunner.runners" time="9.401"/>
  <testcase name="runScenario" classname="org.example.testRunner.runners" time="9.872"/>
  <testcase name="runScenario" classname="org.example.testRunner.runners" time="13.733"/>
  <testcase name="runScenario" classname="org.example.testRunner.runners" time="14.579"/>
  <testcase name="runScenario" classname="org.example.testRunner.runners" time="10.104"/>
  <testcase name="runScenario" classname="org.example.testRunner.runners" time="10.321"/>
  <testcase name="runScenario" classname="org.example.testRunner.runners" time="10.861"/>
  <testcase name="runScenario" classname="org.example.testRunner.runners" time="9.549"/>
  <testcase name="runScenario" classname="org.example.testRunner.runners" time="14.385">
    <failure message="Expected condition failed: waiting for url to be &quot;https://demo.nopcommerce.com/iphone-14&quot;. Current url: &quot;https://demo.nopcommerce.com/&quot; (tried for 5 second(s) with 500 milliseconds interval)&#10;Build info: version: &apos;4.6.0&apos;, revision: &apos;79f1c02ae20&apos;&#10;System info: os.name: &apos;Windows 8.1&apos;, os.arch: &apos;amd64&apos;, os.version: &apos;6.3&apos;, java.version: &apos;1.8.0_351&apos;&#10;Driver info: org.openqa.selenium.chrome.ChromeDriver&#10;Capabilities {acceptInsecureCerts: false, browserName: chrome, browserVersion: 108.0.5359.125, chrome: {chromedriverVersion: 108.0.5359.71 (1e0e3868ee06..., userDataDir: C:\Users\A\AppData\Local\Te...}, goog:chromeOptions: {debuggerAddress: localhost:64968}, networkConnectionEnabled: false, pageLoadStrategy: normal, platformName: WINDOWS, proxy: Proxy(), se:cdp: ws://localhost:64968/devtoo..., se:cdpVersion: 108.0.5359.125, setWindowRect: true, strictFileInteractability: false, timeouts: {implicit: 0, pageLoad: 300000, script: 30000}, unhandledPromptBehavior: dismiss and notify, webauthn:extension:credBlob: true, webauthn:extension:largeBlob: true, webauthn:virtualAuthenticators: true}&#10;Session ID: 1336243ba9cf30f8f310cac0de170ade" type="org.openqa.selenium.TimeoutException"><![CDATA[org.openqa.selenium.TimeoutException: 
Expected condition failed: waiting for url to be "https://demo.nopcommerce.com/iphone-14". Current url: "https://demo.nopcommerce.com/" (tried for 5 second(s) with 500 milliseconds interval)
Build info: version: '4.6.0', revision: '79f1c02ae20'
System info: os.name: 'Windows 8.1', os.arch: 'amd64', os.version: '6.3', java.version: '1.8.0_351'
Driver info: org.openqa.selenium.chrome.ChromeDriver
Capabilities {acceptInsecureCerts: false, browserName: chrome, browserVersion: 108.0.5359.125, chrome: {chromedriverVersion: 108.0.5359.71 (1e0e3868ee06..., userDataDir: C:\Users\A\AppData\Local\Te...}, goog:chromeOptions: {debuggerAddress: localhost:64968}, networkConnectionEnabled: false, pageLoadStrategy: normal, platformName: WINDOWS, proxy: Proxy(), se:cdp: ws://localhost:64968/devtoo..., se:cdpVersion: 108.0.5359.125, setWindowRect: true, strictFileInteractability: false, timeouts: {implicit: 0, pageLoad: 300000, script: 30000}, unhandledPromptBehavior: dismiss and notify, webauthn:extension:credBlob: true, webauthn:extension:largeBlob: true, webauthn:virtualAuthenticators: true}
Session ID: 1336243ba9cf30f8f310cac0de170ade
]]></failure>
    <system-err><![CDATA[Starting ChromeDriver 108.0.5359.71 (1e0e3868ee06e91ad636a874420e3ca3ae3756ac-refs/branch-heads/5359@{#1016}) on port 36708
Only local connections are allowed.
Please see https://chromedriver.chromium.org/security-considerations for suggestions on keeping ChromeDriver safe.
ChromeDriver was started successfully.
ديس 30, 2022 5:46:04 م org.openqa.selenium.devtools.CdpVersionFinder findNearestMatch
WARNING: Unable to find an exact match for CDP version 108, so returning the closest version found: 107
]]></system-err>
  </testcase>
  <testcase name="runScenario" classname="org.example.testRunner.runners" time="13.658">
    <failure message="Expected condition failed: waiting for url to be &quot;https://demo.nopcommerce.com/nokia-lumia-1020&quot;. Current url: &quot;https://demo.nopcommerce.com/&quot; (tried for 5 second(s) with 500 milliseconds interval)&#10;Build info: version: &apos;4.6.0&apos;, revision: &apos;79f1c02ae20&apos;&#10;System info: os.name: &apos;Windows 8.1&apos;, os.arch: &apos;amd64&apos;, os.version: &apos;6.3&apos;, java.version: &apos;1.8.0_351&apos;&#10;Driver info: org.openqa.selenium.chrome.ChromeDriver&#10;Capabilities {acceptInsecureCerts: false, browserName: chrome, browserVersion: 108.0.5359.125, chrome: {chromedriverVersion: 108.0.5359.71 (1e0e3868ee06..., userDataDir: C:\Users\A\AppData\Local\Te...}, goog:chromeOptions: {debuggerAddress: localhost:64990}, networkConnectionEnabled: false, pageLoadStrategy: normal, platformName: WINDOWS, proxy: Proxy(), se:cdp: ws://localhost:64990/devtoo..., se:cdpVersion: 108.0.5359.125, setWindowRect: true, strictFileInteractability: false, timeouts: {implicit: 0, pageLoad: 300000, script: 30000}, unhandledPromptBehavior: dismiss and notify, webauthn:extension:credBlob: true, webauthn:extension:largeBlob: true, webauthn:virtualAuthenticators: true}&#10;Session ID: f9752d29785c906aecfa74a6c6812f38" type="org.openqa.selenium.TimeoutException"><![CDATA[org.openqa.selenium.TimeoutException: 
Expected condition failed: waiting for url to be "https://demo.nopcommerce.com/nokia-lumia-1020". Current url: "https://demo.nopcommerce.com/" (tried for 5 second(s) with 500 milliseconds interval)
Build info: version: '4.6.0', revision: '79f1c02ae20'
System info: os.name: 'Windows 8.1', os.arch: 'amd64', os.version: '6.3', java.version: '1.8.0_351'
Driver info: org.openqa.selenium.chrome.ChromeDriver
Capabilities {acceptInsecureCerts: false, browserName: chrome, browserVersion: 108.0.5359.125, chrome: {chromedriverVersion: 108.0.5359.71 (1e0e3868ee06..., userDataDir: C:\Users\A\AppData\Local\Te...}, goog:chromeOptions: {debuggerAddress: localhost:64990}, networkConnectionEnabled: false, pageLoadStrategy: normal, platformName: WINDOWS, proxy: Proxy(), se:cdp: ws://localhost:64990/devtoo..., se:cdpVersion: 108.0.5359.125, setWindowRect: true, strictFileInteractability: false, timeouts: {implicit: 0, pageLoad: 300000, script: 30000}, unhandledPromptBehavior: dismiss and notify, webauthn:extension:credBlob: true, webauthn:extension:largeBlob: true, webauthn:virtualAuthenticators: true}
Session ID: f9752d29785c906aecfa74a6c6812f38
]]></failure>
    <system-err><![CDATA[Starting ChromeDriver 108.0.5359.71 (1e0e3868ee06e91ad636a874420e3ca3ae3756ac-refs/branch-heads/5359@{#1016}) on port 25559
Only local connections are allowed.
Please see https://chromedriver.chromium.org/security-considerations for suggestions on keeping ChromeDriver safe.
ChromeDriver was started successfully.
ديس 30, 2022 5:46:18 م org.openqa.selenium.devtools.CdpVersionFinder findNearestMatch
WARNING: Unable to find an exact match for CDP version 108, so returning the closest version found: 107
]]></system-err>
  </testcase>
  <testcase name="runScenario" classname="org.example.testRunner.runners" time="10.126"/>
  <testcase name="runScenario" classname="org.example.testRunner.runners" time="9.62"/>
  <testcase name="runScenario" classname="org.example.testRunner.runners" time="10.231">
    <failure message="expected [https://demo.nopcommerce.com/new-online-store-is-open] but found [https://demo.nopcommerce.com/news/rss/1]" type="java.lang.AssertionError"><![CDATA[java.lang.AssertionError: expected [https://demo.nopcommerce.com/new-online-store-is-open] but found [https://demo.nopcommerce.com/news/rss/1]
]]></failure>
    <system-out><![CDATA[tepDefinations.D04_searchStepDef.searchBoxSku(java.lang.String)&amp#27;[0m
  &amp#27;[32mAnd &amp#27;[0m&amp#27;[32mpress on search&amp#27;[0m                                                        &amp#27;[90m# org.example.stepDefinations.D04_searchStepDef.search()&amp#27;[0m
  &amp#27;[32mThen &amp#27;[0m&amp#27;[32msku shown in page must be the same as one used for search "&amp#27;[0m&amp#27;[32m&amp#27;[1mAP_MBP_13&amp#27;[0m&amp#27;[32m"&amp#27;[0m &amp#27;[90m# org.example.stepDefinations.D04_searchStepDef.sku(java.lang.String)&amp#27;[0m

@smoke
Scenario Outline: Searching functionality for different objects by sku       &amp#27;[90m# src/main/resources/features/F04_Search.feature:24&amp#27;[0m
  &amp#27;[32mGiven &amp#27;[0m&amp#27;[32mnavigate to home page2&amp#27;[0m                                               &amp#27;[90m# org.example.stepDefinations.D04_searchStepDef.homePage()&amp#27;[0m
  &amp#27;[32mWhen &amp#27;[0m&amp#27;[32mEntering product sku in search box as "&amp#27;[0m&amp#27;[32m&amp#27;[1mAPPLE_CAM&amp#27;[0m&amp#27;[32m"&amp#27;[0m                     &amp#27;[90m# org.example.stepDefinations.D04_searchStepDef.searchBoxSku(java.lang.String)&amp#27;[0m
  &amp#27;[32mAnd &amp#27;[0m&amp#27;[32mpress on search&amp#27;[0m                                                        &amp#27;[90m# org.example.stepDefinations.D04_searchStepDef.search()&amp#27;[0m
  &amp#27;[32mThen &amp#27;[0m&amp#27;[32msku shown in page must be the same as one used for search "&amp#27;[0m&amp#27;[32m&amp#27;[1mAPPLE_CAM&amp#27;[0m&amp#27;[32m"&amp#27;[0m &amp#27;[90m# org.example.stepDefinations.D04_searchStepDef.sku(java.lang.String)&amp#27;[0m

@smoke
Scenario: Selecting 1 main category randomly then select sub  category &amp#27;[90m# src/main/resources/features/F05_hoverCategories.feature:4&amp#27;[0m
  &amp#27;[32mGiven &amp#27;[0m&amp#27;[32mnavigate to home page2&amp#27;[0m                                         &amp#27;[90m# org.example.stepDefinations.D04_searchStepDef.homePage()&amp#27;[0m
  &amp#27;[32mWhen &amp#27;[0m&amp#27;[32mSelect a category and a sub category&amp#27;[0m                            &amp#27;[90m# org.example.stepDefinations.D05_hoverCategoriesStepDef.Category()&amp#27;[0m
  &amp#27;[32mThen &amp#27;[0m&amp#27;[32mcompare the selected category with header title&amp#27;[0m                 &amp#27;[90m# org.example.stepDefinations.D05_hoverCategoriesStepDef.headerName()&amp#27;[0m

@smoke
Scenario: Selecting iphone 14 pro slider                        &amp#27;[90m# src/main/resources/features/F06_homeSliders.feature:6&amp#27;[0m
  &amp#27;[32mGiven &amp#27;[0m&amp#27;[32mwhen home page is loaded&amp#27;[0m                                &amp#27;[90m# org.example.stepDefinations.D06_homeSlidersStepDef.homePage()&amp#27;[0m
  &amp#27;[32mWhen &amp#27;[0m&amp#27;[32myou select slider image of iphone 14 pro and press on it&amp#27;[0m &amp#27;[90m# org.example.stepDefinations.D06_homeSlidersStepDef.iphoneSlider()&amp#27;[0m
  &amp#27;[31mThen &amp#27;[0m&amp#27;[31myou should navigate to iphone 14 pro product page&amp#27;[0m        &amp#27;[90m# org.example.stepDefinations.D06_homeSlidersStepDef.iphonePage()&amp#27;[0m
      &amp#27;[31morg.openqa.selenium.TimeoutException: Expected condition failed: waiting for url to be "https://demo.nopcommerce.com/iphone-14". Current url: "https://demo.nopcommerce.com/" (tried for 5 second(s) with 500 milliseconds interval)
Build info: version: '4.6.0', revision: '79f1c02ae20'
System info: os.name: 'Windows 8.1', os.arch: 'amd64', os.version: '6.3', java.version: '1.8.0_351'
Driver info: org.openqa.selenium.chrome.ChromeDriver
Capabilities {acceptInsecureCerts: false, browserName: chrome, browserVersion: 108.0.5359.125, chrome: {chromedriverVersion: 108.0.5359.71 (1e0e3868ee06..., userDataDir: C:\Users\A\AppData\Local\Te...}, goog:chromeOptions: {debuggerAddress: localhost:64968}, networkConnectionEnabled: false, pageLoadStrategy: normal, platformName: WINDOWS, proxy: Proxy(), se:cdp: ws://localhost:64968/devtoo..., se:cdpVersion: 108.0.5359.125, setWindowRect: true, strictFileInteractability: false, timeouts: {implicit: 0, pageLoad: 300000, script: 30000}, unhandledPromptBehavior: dismiss and notify, webauthn:extension:credBlob: true, webauthn:extension:largeBlob: true, webauthn:virtualAuthenticators: true}
Session ID: 1336243ba9cf30f8f310cac0de170ade
	at org.openqa.selenium.support.ui.WebDriverWait.timeoutException(WebDriverWait.java:87)
	at org.openqa.selenium.support.ui.FluentWait.until(FluentWait.java:231)
	at org.example.stepDefinations.D06_homeSlidersStepDef.iphonePage(D06_homeSlidersStepDef.java:35)
	at âœ½.you should navigate to iphone 14 pro product page(file:///C:/Users/A/Desktop/software%20testing/02-prorfessional%20level/demonopcommerce_Project2/demonopcommerce/src/main/resources/features/F06_homeSliders.feature:9)
&amp#27;[0m

@smoke
Scenario: Selecting Galaxy S22 ultra slider                        &amp#27;[90m# src/main/resources/features/F06_homeSliders.feature:13&amp#27;[0m
  &amp#27;[32mGiven &amp#27;[0m&amp#27;[32mwhen home page is loaded&amp#27;[0m                                   &amp#27;[90m# org.example.stepDefinations.D06_homeSlidersStepDef.homePage()&amp#27;[0m
  &amp#27;[32mWhen &amp#27;[0m&amp#27;[32myou select slider image of Galaxy S22 ultra and press on it&amp#27;[0m &amp#27;[90m# org.example.stepDefinations.D06_homeSlidersStepDef.galaxySlider()&amp#27;[0m
  &amp#27;[31mThen &amp#27;[0m&amp#27;[31myou should navigate to Galaxy S22 ultra product page&amp#27;[0m        &amp#27;[90m# org.example.stepDefinations.D06_homeSlidersStepDef.galaxyPage()&amp#27;[0m
      &amp#27;[31morg.openqa.selenium.TimeoutException: Expected condition failed: waiting for url to be "https://demo.nopcommerce.com/nokia-lumia-1020". Current url: "https://demo.nopcommerce.com/" (tried for 5 second(s) with 500 milliseconds interval)
Build info: version: '4.6.0', revision: '79f1c02ae20'
System info: os.name: 'Windows 8.1', os.arch: 'amd64', os.version: '6.3', java.version: '1.8.0_351'
Driver info: org.openqa.selenium.chrome.ChromeDriver
Capabilities {acceptInsecureCerts: false, browserName: chrome, browserVersion: 108.0.5359.125, chrome: {chromedriverVersion: 108.0.5359.71 (1e0e3868ee06..., userDataDir: C:\Users\A\AppData\Local\Te...}, goog:chromeOptions: {debuggerAddress: localhost:64990}, networkConnectionEnabled: false, pageLoadStrategy: normal, platformName: WINDOWS, proxy: Proxy(), se:cdp: ws://localhost:64990/devtoo..., se:cdpVersion: 108.0.5359.125, setWindowRect: true, strictFileInteractability: false, timeouts: {implicit: 0, pageLoad: 300000, script: 30000}, unhandledPromptBehavior: dismiss and notify, webauthn:extension:credBlob: true, webauthn:extension:largeBlob: true, webauthn:virtualAuthenticators: true}
Session ID: f9752d29785c906aecfa74a6c6812f38
	at org.openqa.selenium.support.ui.WebDriverWait.timeoutException(WebDriverWait.java:87)
	at org.openqa.selenium.support.ui.FluentWait.until(FluentWait.java:231)
	at org.example.stepDefinations.D06_homeSlidersStepDef.galaxyPage(D06_homeSlidersStepDef.java:43)
	at âœ½.you should navigate to Galaxy S22 ultra product page(file:///C:/Users/A/Desktop/software%20testing/02-prorfessional%20level/demonopcommerce_Project2/demonopcommerce/src/main/resources/features/F06_homeSliders.feature:16)
&amp#27;[0m

@smoke
Scenario: user opens facebook link                                 &amp#27;[90m# src/main/resources/features/F07_followUs.feature:3&amp#27;[0m
  &amp#27;[32mWhen &amp#27;[0m&amp#27;[32muser opens facebook link&amp#27;[0m                                    &amp#27;[90m# org.example.stepDefinations.D07_followUsStepDef.openFacebookPage()&amp#27;[0m
  &amp#27;[32mThen &amp#27;[0m&amp#27;[32m"&amp#27;[0m&amp#27;[32m&amp#27;[1mhttps://www.facebook.com/nopCommerce&amp#27;[0m&amp#27;[32m" is opened in new tab&amp#27;[0m &amp#27;[90m# org.example.stepDefinations.D07_followUsStepDef.secondTab(java.lang.String)&amp#27;[0m

@smoke
Scenario: user opens twitter link                             &amp#27;[90m# src/main/resources/features/F07_followUs.feature:7&amp#27;[0m
  &amp#27;[32mWhen &amp#27;[0m&amp#27;[32muser opens twitter link&amp#27;[0m                                &amp#27;[90m# org.example.stepDefinations.D07_followUsStepDef.openTwitterPage()&amp#27;[0m
  &amp#27;[32mThen &amp#27;[0m&amp#27;[32m"&amp#27;[0m&amp#27;[32m&amp#27;[1mhttps://twitter.com/nopCommerce&amp#27;[0m&amp#27;[32m" is opened in new tab&amp#27;[0m &amp#27;[90m# org.example.stepDefinations.D07_followUsStepDef.secondTab(java.lang.String)&amp#27;[0m

@smoke
Scenario: user opens rss link                                                       &amp#27;[90m# src/main/resources/features/F07_followUs.feature:11&amp#27;[0m
  &amp#27;[32mWhen &amp#27;[0m&amp#27;[32muser opens rss link&amp#27;[0m                                                          &amp#27;[90m# org.example.stepDefinations.D07_followUsStepDef.openRssLink()&amp#27;[0m
  &amp#27;[31mThen &amp#27;[0m&amp#27;[31m"&amp#27;[0m&amp#27;[31m&amp#27;[1mhttps://demo.nopcommerce.com/new-online-store-is-open&amp#27;[0m&amp#27;[31m" is opened in new tab&amp#27;[0m &amp#27;[90m# org.example.stepDefinations.D07_followUsStepDef.secondTab(java.lang.String)&amp#27;[0m
      &amp#27;[31mjava.lang.AssertionError: expected [https://demo.nopcommerce.com/new-online-store-is-open] but found [https://demo.nopcommerce.co]]></system-out>
    <system-err><![CDATA[Starting ChromeDriver 108.0.5359.71 (1e0e3868ee06e91ad636a874420e3ca3ae3756ac-refs/branch-heads/5359@{#1016}) on port 7987
Only local connections are allowed.
Please see https://chromedriver.chromium.org/security-considerations for suggestions on keeping ChromeDriver safe.
ChromeDriver was started successfully.
ديس 30, 2022 5:46:52 م org.openqa.selenium.devtools.CdpVersionFinder findNearestMatch
WARNING: Unable to find an exact match for CDP version 108, so returning the closest version found: 107
]]></system-err>
  </testcase>
  <testcase name="runScenario" classname="org.example.testRunner.runners" time="13.707"/>
  <testcase name="runScenario" classname="org.example.testRunner.runners" time="8.381"/>
  <testcase name="runScenario" classname="org.example.testRunner.runners" time="12.515"/>
</testsuite>